<?xml version="1.0" encoding="UTF-8"?>
<testng-results skipped="0" failed="0" ignored="0" total="1" passed="1">
  <reporter-output>
  </reporter-output>
  <suite name="Suite" duration-ms="14060" started-at="2019-01-31T22:28:57Z" finished-at="2019-01-31T22:29:11Z">
    <groups>
    </groups>
    <test name="Test" duration-ms="14060" started-at="2019-01-31T22:28:57Z" finished-at="2019-01-31T22:29:11Z">
      <class name="com.searchtest.Searchvehicle">
        <test-method status="PASS" signature="searchsuite()[pri:0, instance:com.searchtest.Searchvehicle@1d057a39]" name="searchsuite" is-config="true" duration-ms="637" started-at="2019-01-31T22:28:57Z" finished-at="2019-01-31T22:28:57Z">
          <reporter-output>
          </reporter-output>
        </test-method> <!-- searchsuite -->
        <test-method status="PASS" signature="setup()[pri:0, instance:com.searchtest.Searchvehicle@1d057a39]" name="setup" is-config="true" duration-ms="6324" started-at="2019-01-31T22:28:57Z" finished-at="2019-01-31T22:29:04Z">
          <reporter-output>
          </reporter-output>
        </test-method> <!-- setup -->
        <test-method status="PASS" signature="vehicle()[pri:0, instance:com.searchtest.Searchvehicle@1d057a39]" name="vehicle" duration-ms="6301" started-at="2019-01-31T22:29:04Z" finished-at="2019-01-31T22:29:10Z">
          <reporter-output>
          </reporter-output>
        </test-method> <!-- vehicle -->
        <test-method status="PASS" signature="teardownMethod(org.testng.ITestResult)[pri:0, instance:com.searchtest.Searchvehicle@1d057a39]" name="teardownMethod" is-config="true" duration-ms="727" started-at="2019-01-31T22:29:10Z" finished-at="2019-01-31T22:29:11Z">
          <params>
            <param index="0">
              <value>
                <![CDATA[[TestResult name=vehicle status=SUCCESS method=Searchvehicle.vehicle()[pri:0, instance:com.searchtest.Searchvehicle@1d057a39] output={null}]]]>
              </value>
            </param>
          </params>
          <reporter-output>
          </reporter-output>
        </test-method> <!-- teardownMethod -->
        <test-method status="PASS" signature="teardown()[pri:0, instance:com.searchtest.Searchvehicle@1d057a39]" name="teardown" is-config="true" duration-ms="688" started-at="2019-01-31T22:29:11Z" finished-at="2019-01-31T22:29:11Z">
          <reporter-output>
          </reporter-output>
        </test-method> <!-- teardown -->
      </class> <!-- com.searchtest.Searchvehicle -->
    </test> <!-- Test -->
  </suite> <!-- Suite -->
</testng-results>
